<?xml version="1.0" encoding="UTF-8"?>
<testsuite name="com.aor.numbers.ListAggregatorTest" tests="5" skipped="0" failures="0" errors="0" timestamp="2023-10-16T17:05:15" hostname="PEDROLUNET" time="1.476">
  <properties/>
  <testcase name="max_bug_8726()" classname="com.aor.numbers.ListAggregatorTest" time="1.449"/>
  <testcase name="max()" classname="com.aor.numbers.ListAggregatorTest" time="0.002"/>
  <testcase name="min()" classname="com.aor.numbers.ListAggregatorTest" time="0.003"/>
  <testcase name="sum()" classname="com.aor.numbers.ListAggregatorTest" time="0.004"/>
  <testcase name="distinct()" classname="com.aor.numbers.ListAggregatorTest" time="0.006"/>
  <system-out><![CDATA[]]></system-out>
  <system-err><![CDATA[]]></system-err>
</testsuite>
