<?xml version="1.0" encoding="UTF-8"?>
<testsuite name="ListDeduplicatorTest" tests="1" skipped="0" failures="0" errors="0" timestamp="2023-10-16T15:49:35" hostname="PEDROLUNET" time="0.023">
  <properties/>
  <testcase name="deduplicate()" classname="ListDeduplicatorTest" time="0.023"/>
  <system-out><![CDATA[]]></system-out>
  <system-err><![CDATA[]]></system-err>
</testsuite>
