<?xml version="1.0" encoding="UTF-8"?>
<testsuite name="ListSorterTest" tests="1" skipped="0" failures="0" errors="0" timestamp="2023-10-16T15:49:35" hostname="PEDROLUNET" time="0.003">
  <properties/>
  <testcase name="sort()" classname="ListSorterTest" time="0.003"/>
  <system-out><![CDATA[]]></system-out>
  <system-err><![CDATA[]]></system-err>
</testsuite>
